<?xml version="1.0" encoding="UTF-8"?>
<testng-results ignored="0" total="1" passed="1" failed="0" skipped="0">
  <reporter-output>
  </reporter-output>
  <suite started-at="2025-03-12T16:50:02 IST" name="Default suite" finished-at="2025-03-12T16:50:03 IST" duration-ms="1899">
    <groups>
    </groups>
    <test started-at="2025-03-12T16:50:02 IST" name="Default test" finished-at="2025-03-12T16:50:03 IST" duration-ms="1899">
      <class name="Day_2.JsonSchemaValidation">
        <test-method signature="XmlSchemaValidation()[pri:0, instance:Day_2.JsonSchemaValidation@7f485fda]" started-at="2025-03-12T16:50:02 IST" name="XmlSchemaValidation" finished-at="2025-03-12T16:50:03 IST" duration-ms="1866" status="PASS">
          <reporter-output>
          </reporter-output>
        </test-method> <!-- XmlSchemaValidation -->
      </class> <!-- Day_2.JsonSchemaValidation -->
    </test> <!-- Default test -->
  </suite> <!-- Default suite -->
</testng-results>
